# JRE version: OpenJDK Runtime Environment (8.0_332-b09) (build 1.8.0_332-b09)
# Java VM: OpenJDK 64-Bit Server VM (25.332-b09 mixed mode windows-amd64 compressed oops)
Heap:
 PSYoungGen      total 89600K, used 5923K [0x0000000781b80000, 0x0000000788300000, 0x00000007c0000000)
  eden space 79872K, 0% used [0x0000000781b80000,0x0000000781b80000,0x0000000786980000)
  from space 9728K, 60% used [0x0000000787280000,0x0000000787848ea8,0x0000000787c00000)
  to   space 9216K, 0% used [0x0000000786980000,0x0000000786980000,0x0000000787280000)
 ParOldGen       total 96256K, used 7382K [0x0000000705200000, 0x000000070b000000, 0x0000000781b80000)
  object space 96256K, 7% used [0x0000000705200000,0x0000000705935878,0x000000070b000000)
 Metaspace       used 33184K, capacity 35394K, committed 35496K, reserved 1079296K
  class space    used 4434K, capacity 4851K, committed 4864K, reserved 1048576K
GC Heap History (10 events):
Event: 10.396 GC heap after
Heap after GC invocations=5 (full 1):
 PSYoungGen      total 56320K, used 3287K [0x0000000781b80000, 0x0000000786280000, 0x00000007c0000000)
  eden space 48640K, 0% used [0x0000000781b80000,0x0000000781b80000,0x0000000784b00000)
  from space 7680K, 42% used [0x0000000785280000,0x00000007855b5e38,0x0000000785a00000)
  to   space 7680K, 0% used [0x0000000784b00000,0x0000000784b00000,0x0000000785280000)
 ParOldGen       total 96256K, used 7366K [0x0000000705200000, 0x000000070b000000, 0x0000000781b80000)
  object space 96256K, 7% used [0x0000000705200000,0x0000000705931878,0x000000070b000000)
 Metaspace       used 22137K, capacity 23800K, committed 24064K, reserved 1071104K
  class space    used 2967K, capacity 3290K, committed 3328K, reserved 1048576K
}
Event: 11.188 GC heap before
{Heap before GC invocations=6 (full 1):
 PSYoungGen      total 56320K, used 51927K [0x0000000781b80000, 0x0000000786280000, 0x00000007c0000000)
  eden space 48640K, 100% used [0x0000000781b80000,0x0000000784b00000,0x0000000784b00000)
  from space 7680K, 42% used [0x0000000785280000,0x00000007855b5e38,0x0000000785a00000)
  to   space 7680K, 0% used [0x0000000784b00000,0x0000000784b00000,0x0000000785280000)
 ParOldGen       total 96256K, used 7366K [0x0000000705200000, 0x000000070b000000, 0x0000000781b80000)
  object space 96256K, 7% used [0x0000000705200000,0x0000000705931878,0x000000070b000000)
 Metaspace       used 24612K, capacity 26384K, committed 26496K, reserved 1073152K
  class space    used 3341K, capacity 3668K, committed 3712K, reserved 1048576K
Event: 11.196 GC heap after
Heap after GC invocations=6 (full 1):
 PSYoungGen      total 56320K, used 5555K [0x0000000781b80000, 0x0000000786600000, 0x00000007c0000000)
  eden space 48640K, 0% used [0x0000000781b80000,0x0000000781b80000,0x0000000784b00000)
  from space 7680K, 72% used [0x0000000784b00000,0x000000078506cfd8,0x0000000785280000)
  to   space 8704K, 0% used [0x0000000785d80000,0x0000000785d80000,0x0000000786600000)
 ParOldGen       total 96256K, used 7366K [0x0000000705200000, 0x000000070b000000, 0x0000000781b80000)
  object space 96256K, 7% used [0x0000000705200000,0x0000000705931878,0x000000070b000000)
 Metaspace       used 24612K, capacity 26384K, committed 26496K, reserved 1073152K
  class space    used 3341K, capacity 3668K, committed 3712K, reserved 1048576K
}
Event: 12.179 GC heap before
{Heap before GC invocations=7 (full 1):
 PSYoungGen      total 56320K, used 54195K [0x0000000781b80000, 0x0000000786600000, 0x00000007c0000000)
  eden space 48640K, 100% used [0x0000000781b80000,0x0000000784b00000,0x0000000784b00000)
  from space 7680K, 72% used [0x0000000784b00000,0x000000078506cfd8,0x0000000785280000)
  to   space 8704K, 0% used [0x0000000785d80000,0x0000000785d80000,0x0000000786600000)
 ParOldGen       total 96256K, used 7366K [0x0000000705200000, 0x000000070b000000, 0x0000000781b80000)
  object space 96256K, 7% used [0x0000000705200000,0x0000000705931878,0x000000070b000000)
 Metaspace       used 28346K, capacity 30224K, committed 30336K, reserved 1075200K
  class space    used 3776K, capacity 4152K, committed 4224K, reserved 1048576K
Event: 12.218 GC heap after
Heap after GC invocations=7 (full 1):
 PSYoungGen      total 67072K, used 7399K [0x0000000781b80000, 0x0000000786e80000, 0x00000007c0000000)
  eden space 58368K, 0% used [0x0000000781b80000,0x0000000781b80000,0x0000000785480000)
  from space 8704K, 85% used [0x0000000785d80000,0x00000007864b9ff8,0x0000000786600000)
  to   space 9216K, 0% used [0x0000000785480000,0x0000000785480000,0x0000000785d80000)
 ParOldGen       total 96256K, used 7374K [0x0000000705200000, 0x000000070b000000, 0x0000000781b80000)
  object space 96256K, 7% used [0x0000000705200000,0x0000000705933878,0x000000070b000000)
 Metaspace       used 28346K, capacity 30224K, committed 30336K, reserved 1075200K
  class space    used 3776K, capacity 4152K, committed 4224K, reserved 1048576K
}
Event: 15.144 GC heap before
{Heap before GC invocations=8 (full 1):
 PSYoungGen      total 67072K, used 65767K [0x0000000781b80000, 0x0000000786e80000, 0x00000007c0000000)
  eden space 58368K, 100% used [0x0000000781b80000,0x0000000785480000,0x0000000785480000)
  from space 8704K, 85% used [0x0000000785d80000,0x00000007864b9ff8,0x0000000786600000)
  to   space 9216K, 0% used [0x0000000785480000,0x0000000785480000,0x0000000785d80000)
 ParOldGen       total 96256K, used 7374K [0x0000000705200000, 0x000000070b000000, 0x0000000781b80000)
  object space 96256K, 7% used [0x0000000705200000,0x0000000705933878,0x000000070b000000)
 Metaspace       used 32473K, capacity 34718K, committed 35072K, reserved 1079296K
  class space    used 4349K, capacity 4753K, committed 4864K, reserved 1048576K
Event: 15.181 GC heap after
Heap after GC invocations=8 (full 1):
 PSYoungGen      total 67584K, used 7719K [0x0000000781b80000, 0x0000000787c00000, 0x00000007c0000000)
  eden space 58368K, 0% used [0x0000000781b80000,0x0000000781b80000,0x0000000785480000)
  from space 9216K, 83% used [0x0000000785480000,0x0000000785c09f08,0x0000000785d80000)
  to   space 9728K, 0% used [0x0000000787280000,0x0000000787280000,0x0000000787c00000)
 ParOldGen       total 96256K, used 7382K [0x0000000705200000, 0x000000070b000000, 0x0000000781b80000)
  object space 96256K, 7% used [0x0000000705200000,0x0000000705935878,0x000000070b000000)
 Metaspace       used 32473K, capacity 34718K, committed 35072K, reserved 1079296K
  class space    used 4349K, capacity 4753K, committed 4864K, reserved 1048576K
}
Event: 15.485 GC heap before
{Heap before GC invocations=9 (full 1):
 PSYoungGen      total 67584K, used 14295K [0x0000000781b80000, 0x0000000787c00000, 0x00000007c0000000)
  eden space 58368K, 11% used [0x0000000781b80000,0x00000007821ebf08,0x0000000785480000)
  from space 9216K, 83% used [0x0000000785480000,0x0000000785c09f08,0x0000000785d80000)
  to   space 9728K, 0% used [0x0000000787280000,0x0000000787280000,0x0000000787c00000)
 ParOldGen       total 96256K, used 7382K [0x0000000705200000, 0x000000070b000000, 0x0000000781b80000)
  object space 96256K, 7% used [0x0000000705200000,0x0000000705935878,0x000000070b000000)
 Metaspace       used 33184K, capacity 35394K, committed 35496K, reserved 1079296K
  class space    used 4434K, capacity 4851K, committed 4864K, reserved 1048576K
Event: 15.503 GC heap after
Heap after GC invocations=9 (full 1):
 PSYoungGen      total 89600K, used 5923K [0x0000000781b80000, 0x0000000788300000, 0x00000007c0000000)
  eden space 79872K, 0% used [0x0000000781b80000,0x0000000781b80000,0x0000000786980000)
  from space 9728K, 60% used [0x0000000787280000,0x0000000787848ea8,0x0000000787c00000)
  to   space 9216K, 0% used [0x0000000786980000,0x0000000786980000,0x0000000787280000)
 ParOldGen       total 96256K, used 7382K [0x0000000705200000, 0x000000070b000000, 0x0000000781b80000)
  object space 96256K, 7% used [0x0000000705200000,0x0000000705935878,0x000000070b000000)
 Metaspace       used 33184K, capacity 35394K, committed 35496K, reserved 1079296K
  class space    used 4434K, capacity 4851K, committed 4864K, reserved 1048576K
}
Event: 15.503 GC heap before
{Heap before GC invocations=10 (full 2):
 PSYoungGen      total 89600K, used 5923K [0x0000000781b80000, 0x0000000788300000, 0x00000007c0000000)
  eden space 79872K, 0% used [0x0000000781b80000,0x0000000781b80000,0x0000000786980000)
  from space 9728K, 60% used [0x0000000787280000,0x0000000787848ea8,0x0000000787c00000)
  to   space 9216K, 0% used [0x0000000786980000,0x0000000786980000,0x0000000787280000)
 ParOldGen       total 96256K, used 7382K [0x0000000705200000, 0x000000070b000000, 0x0000000781b80000)
  object space 96256K, 7% used [0x0000000705200000,0x0000000705935878,0x000000070b000000)
 Metaspace       used 33184K, capacity 35394K, committed 35496K, reserved 1079296K
  class space    used 4434K, capacity 4851K, committed 4864K, reserved 1048576K

