# JRE version: OpenJDK Runtime Environment (8.0_332-b09) (build 1.8.0_332-b09)
# Java VM: OpenJDK 64-Bit Server VM (25.332-b09 mixed mode windows-amd64 compressed oops)
Heap:
 PSYoungGen      total 56320K, used 8061K [0x0000000781b80000, 0x0000000788980000, 0x00000007c0000000)
  eden space 48640K, 16% used [0x0000000781b80000,0x000000078235f7b8,0x0000000784b00000)
  from space 7680K, 0% used [0x0000000784b00000,0x0000000784b00000,0x0000000785280000)
  to   space 7680K, 0% used [0x0000000788200000,0x0000000788200000,0x0000000788980000)
 ParOldGen       total 74752K, used 7400K [0x0000000705200000, 0x0000000709b00000, 0x0000000781b80000)
  object space 74752K, 9% used [0x0000000705200000,0x000000070593a340,0x0000000709b00000)
 Metaspace       used 21104K, capacity 21952K, committed 22144K, reserved 1069056K
  class space    used 2752K, capacity 2940K, committed 2944K, reserved 1048576K
GC Heap History (8 events):
Event: 4.613 GC heap before
{Heap before GC invocations=1 (full 0):
 PSYoungGen      total 56320K, used 48640K [0x0000000781b80000, 0x0000000785a00000, 0x00000007c0000000)
  eden space 48640K, 100% used [0x0000000781b80000,0x0000000784b00000,0x0000000784b00000)
  from space 7680K, 0% used [0x0000000785280000,0x0000000785280000,0x0000000785a00000)
  to   space 7680K, 0% used [0x0000000784b00000,0x0000000784b00000,0x0000000785280000)
 ParOldGen       total 128512K, used 0K [0x0000000705200000, 0x000000070cf80000, 0x0000000781b80000)
  object space 128512K, 0% used [0x0000000705200000,0x0000000705200000,0x000000070cf80000)
 Metaspace       used 12064K, capacity 12402K, committed 12672K, reserved 1060864K
  class space    used 1462K, capacity 1569K, committed 1664K, reserved 1048576K
Event: 4.625 GC heap after
Heap after GC invocations=1 (full 0):
 PSYoungGen      total 56320K, used 6172K [0x0000000781b80000, 0x0000000785a00000, 0x00000007c0000000)
  eden space 48640K, 0% used [0x0000000781b80000,0x0000000781b80000,0x0000000784b00000)
  from space 7680K, 80% used [0x0000000784b00000,0x0000000785107398,0x0000000785280000)
  to   space 7680K, 0% used [0x0000000785280000,0x0000000785280000,0x0000000785a00000)
 ParOldGen       total 128512K, used 80K [0x0000000705200000, 0x000000070cf80000, 0x0000000781b80000)
  object space 128512K, 0% used [0x0000000705200000,0x0000000705214010,0x000000070cf80000)
 Metaspace       used 12064K, capacity 12402K, committed 12672K, reserved 1060864K
  class space    used 1462K, capacity 1569K, committed 1664K, reserved 1048576K
}
Event: 5.680 GC heap before
{Heap before GC invocations=2 (full 0):
 PSYoungGen      total 56320K, used 54812K [0x0000000781b80000, 0x0000000785a00000, 0x00000007c0000000)
  eden space 48640K, 100% used [0x0000000781b80000,0x0000000784b00000,0x0000000784b00000)
  from space 7680K, 80% used [0x0000000784b00000,0x0000000785107398,0x0000000785280000)
  to   space 7680K, 0% used [0x0000000785280000,0x0000000785280000,0x0000000785a00000)
 ParOldGen       total 128512K, used 80K [0x0000000705200000, 0x000000070cf80000, 0x0000000781b80000)
  object space 128512K, 0% used [0x0000000705200000,0x0000000705214010,0x000000070cf80000)
 Metaspace       used 17093K, capacity 17872K, committed 18048K, reserved 1064960K
  class space    used 2169K, capacity 2344K, committed 2432K, reserved 1048576K
Event: 5.695 GC heap after
Heap after GC invocations=2 (full 0):
 PSYoungGen      total 56320K, used 7556K [0x0000000781b80000, 0x0000000785a00000, 0x00000007c0000000)
  eden space 48640K, 0% used [0x0000000781b80000,0x0000000781b80000,0x0000000784b00000)
  from space 7680K, 98% used [0x0000000785280000,0x00000007859e1288,0x0000000785a00000)
  to   space 7680K, 0% used [0x0000000784b00000,0x0000000784b00000,0x0000000785280000)
 ParOldGen       total 128512K, used 88K [0x0000000705200000, 0x000000070cf80000, 0x0000000781b80000)
  object space 128512K, 0% used [0x0000000705200000,0x0000000705216010,0x000000070cf80000)
 Metaspace       used 17093K, capacity 17872K, committed 18048K, reserved 1064960K
  class space    used 2169K, capacity 2344K, committed 2432K, reserved 1048576K
}
Event: 6.327 GC heap before
{Heap before GC invocations=3 (full 0):
 PSYoungGen      total 56320K, used 51374K [0x0000000781b80000, 0x0000000785a00000, 0x00000007c0000000)
  eden space 48640K, 90% used [0x0000000781b80000,0x000000078464a680,0x0000000784b00000)
  from space 7680K, 98% used [0x0000000785280000,0x00000007859e1288,0x0000000785a00000)
  to   space 7680K, 0% used [0x0000000784b00000,0x0000000784b00000,0x0000000785280000)
 ParOldGen       total 128512K, used 88K [0x0000000705200000, 0x000000070cf80000, 0x0000000781b80000)
  object space 128512K, 0% used [0x0000000705200000,0x0000000705216010,0x000000070cf80000)
 Metaspace       used 20349K, capacity 21168K, committed 21296K, reserved 1067008K
  class space    used 2679K, capacity 2874K, committed 2944K, reserved 1048576K
Event: 6.339 GC heap after
Heap after GC invocations=3 (full 0):
 PSYoungGen      total 56320K, used 7531K [0x0000000781b80000, 0x0000000788980000, 0x00000007c0000000)
  eden space 48640K, 0% used [0x0000000781b80000,0x0000000781b80000,0x0000000784b00000)
  from space 7680K, 98% used [0x0000000784b00000,0x000000078525ad10,0x0000000785280000)
  to   space 7680K, 0% used [0x0000000788200000,0x0000000788200000,0x0000000788980000)
 ParOldGen       total 128512K, used 96K [0x0000000705200000, 0x000000070cf80000, 0x0000000781b80000)
  object space 128512K, 0% used [0x0000000705200000,0x0000000705218010,0x000000070cf80000)
 Metaspace       used 20349K, capacity 21168K, committed 21296K, reserved 1067008K
  class space    used 2679K, capacity 2874K, committed 2944K, reserved 1048576K
}
Event: 6.339 GC heap before
{Heap before GC invocations=4 (full 1):
 PSYoungGen      total 56320K, used 7531K [0x0000000781b80000, 0x0000000788980000, 0x00000007c0000000)
  eden space 48640K, 0% used [0x0000000781b80000,0x0000000781b80000,0x0000000784b00000)
  from space 7680K, 98% used [0x0000000784b00000,0x000000078525ad10,0x0000000785280000)
  to   space 7680K, 0% used [0x0000000788200000,0x0000000788200000,0x0000000788980000)
 ParOldGen       total 128512K, used 96K [0x0000000705200000, 0x000000070cf80000, 0x0000000781b80000)
  object space 128512K, 0% used [0x0000000705200000,0x0000000705218010,0x000000070cf80000)
 Metaspace       used 20349K, capacity 21168K, committed 21296K, reserved 1067008K
  class space    used 2679K, capacity 2874K, committed 2944K, reserved 1048576K
Event: 6.383 GC heap after
Heap after GC invocations=4 (full 1):
 PSYoungGen      total 56320K, used 0K [0x0000000781b80000, 0x0000000788980000, 0x00000007c0000000)
  eden space 48640K, 0% used [0x0000000781b80000,0x0000000781b80000,0x0000000784b00000)
  from space 7680K, 0% used [0x0000000784b00000,0x0000000784b00000,0x0000000785280000)
  to   space 7680K, 0% used [0x0000000788200000,0x0000000788200000,0x0000000788980000)
 ParOldGen       total 74752K, used 7400K [0x0000000705200000, 0x0000000709b00000, 0x0000000781b80000)
  object space 74752K, 9% used [0x0000000705200000,0x000000070593a340,0x0000000709b00000)
 Metaspace       used 20349K, capacity 21168K, committed 21296K, reserved 1067008K
  class space    used 2679K, capacity 2874K, committed 2944K, reserved 1048576K
}

